ParseStarterProject/build/outputs/mapping/release/seeds.txt
androidx.recyclerview.widget.RecyclerView: void getDecoratedBoundsWithMargins(android.view.View,android.graphics.Rect)
com.google.android.material.R$styleable: int Toolbar_subtitleTextAppearance
com.google.android.gms.cast.framework.ReconnectionService
com.google.android.material.R$dimen: int mtrl_snackbar_action_text_color_alpha
com.mikhaellopez.circularimageview.R$styleable: int AppCompatTheme_imageButtonStyle
com.google.ads.mediation.AdUrlAdapter: android.os.Bundle zza(android.os.Bundle,android.os.Bundle)
com.google.android.gms.R$styleable: int Corpus_semanticallySearchable
com.google.android.gms.internal.zzecc: android.os.Parcelable$Creator CREATOR
com.google.android.material.R$styleable: int MenuView_android_headerBackground
com.google.android.material.R$color: int notification_action_color_filter
com.google.android.material.R$integer: int mtrl_badge_max_character_count
androidx.navigation.fragment.R$id: int accessibility_custom_action_30
com.google.android.gms.R$drawable: int common_google_signin_btn_text_dark_focused
androidx.appcompat.R$attr: int color
com.google.android.gms.measurement.AppMeasurementInstallReferrerReceiver
com.google.android.material.R$dimen: int mtrl_navigation_item_shape_horizontal_margin
com.google.android.material.chip.Chip: android.graphics.drawable.Drawable getChipIcon()
com.google.android.material.R$attr: int colorBackgroundFloating
com.google.android.gms.R$id: int test
com.google.android.gms.R$styleable: int CastIntroOverlay_castButtonText
androidx.navigation.fragment.R$styleable: int ActivityNavigator_android_name
androidx.appcompat.R$style: int Base_TextAppearance_AppCompat_Widget_Button_Inverse
com.google.android.material.R$styleable: int[] CompoundButton
androidx.navigation.fragment.R$styleable: int GradientColor_android_endY
com.google.android.material.R$attr: int fontFamily
com.google.android.material.textfield.TextInputLayout: void setHelperTextColor(android.content.res.ColorStateList)
androidx.mediarouter.R$drawable: int mr_media_pause_dark
androidx.appcompat.R$color: int dim_foreground_material_light
androidx.recyclerview.widget.RecyclerView: void setScrollingTouchSlop(int)
com.google.firebase.auth.zzd: android.os.Parcelable$Creator CREATOR
com.google.android.material.textfield.TextInputLayout: void setEndIconVisible(boolean)
com.google.android.material.R$layout: int mtrl_alert_select_dialog_multichoice
androidx.versionedparcelable.ParcelImpl
com.google.android.material.R$styleable: int MaterialButton_strokeColor
androidx.appcompat.R$styleable: int AppCompatTheme_listPreferredItemHeightLarge
com.google.android.material.R$dimen: int abc_disabled_alpha_material_dark
androidx.lifecycle.Lifecycle$State: androidx.lifecycle.Lifecycle$State[] values()
com.google.android.material.R$drawable: int mtrl_ic_error
com.google.android.gms.R$drawable: int ic_plusone_tall_off_client
androidx.appcompat.R$styleable: int AppCompatTheme_actionOverflowButtonStyle
com.mikhaellopez.circularimageview.R$styleable: int AppCompatTheme_checkedTextViewStyle
com.google.firebase.iid.zzb: zzb()
androidx.appcompat.R$attr: int firstBaselineToTopHeight
androidx.appcompat.R$drawable: int abc_ab_share_pack_mtrl_alpha
androidx.navigation.fragment.R$id: int accessibility_custom_action_8
androidx.appcompat.R$attr: int switchMinWidth
com.google.android.material.navigation.NavigationView$SavedState: android.os.Parcelable$Creator CREATOR
androidx.appcompat.R$styleable: int AppCompatTheme_textAppearanceLargePopupMenu
com.google.android.material.R$attr: int tabTextColor
androidx.appcompat.R$styleable: int ListPopupWindow_android_dropDownHorizontalOffset
androidx.appcompat.R$styleable: int LinearLayoutCompat_android_baselineAligned
com.google.android.material.R$layout: int abc_dialog_title_material
androidx.appcompat.R$styleable: int[] PopupWindow
androidx.appcompat.R$styleable: int ViewBackgroundHelper_backgroundTintMode
androidx.appcompat.R$drawable: int btn_checkbox_unchecked_mtrl