ParseStarterProject/build/outputs/mapping/release/usage.txt
com.google.android.gms.internal.zzbrm
android.support.v4.app.INotificationSideChannel:
    public abstract void cancel(java.lang.String,int,java.lang.String)
    public abstract void cancelAll(java.lang.String)
com.google.android.gms.fitness.request.zzbo
com.google.android.gms.tagmanager.zzgg
kotlin.StandardKt__SynchronizedKt
androidx.collection.CircularArray
com.google.android.gms.fitness.request.SensorRequest
kotlin.sequences.SequencesKt___SequencesKt$onEach$1
com.google.android.gms.internal.zzenp
kotlin.collections.Grouping
com.google.android.gms.tagmanager.zzm$zza
androidx.media2.MediaSessionLegacyStub$SessionRunnable
com.google.android.gms.internal.zzazj
com.google.android.gms.location.zzw
com.google.android.gms.fido.fido2.api.common.zzi
com.google.android.gms.internal.zzbfj
com.google.android.gms.tasks.zzb
com.google.android.gms.wearable.CapabilityApi$RemoveLocalCapabilityResult
com.google.android.gms.wearable.ConnectionConfiguration
com.google.android.gms.internal.zzbqj
com.google.android.gms.location.places.internal.PlaceEntity$zza
com.google.android.gms.internal.zzlu:
    public static com.google.android.gms.internal.zzlt zzf(android.os.IBinder)
com.google.android.gms.tagmanager.zzea
kotlin.ranges.ULongProgressionIterator
kotlin.jvm.KotlinReflectionNotSupportedError
com.google.android.gms.wallet.zzi
com.google.android.gms.internal.zzctm
com.google.android.gms.internal.zzauz$zzd
com.google.android.gms.location.places.internal.zzf
pl.droidsonroids.gif.InputSource$AssetSource
androidx.recyclerview.widget.RecyclerView$RecycledViewPool:
    public void setMaxRecycledViews(int,int)
    public int getRecycledViewCount(int)
    int size()
    private static final int DEFAULT_MAX_SCRAP
com.google.firebase.appindexing.internal.zzv
androidx.vectordrawable.animated.R$dimen
kotlin.sequences.SequencesKt___SequencesKt$groupingBy$1
com.google.android.gms.fitness.request.DataSourcesRequest$Builder
com.google.android.gms.games.internal.GamesClientImpl$zzaz
kotlin.text.MatchNamedGroupCollection
com.google.android.gms.games.multiplayer.realtime.zza
com.google.android.gms.analytics.zzc
com.google.android.gms.cast.zzp
com.google.android.gms.internal.zzcsj
com.google.android.gms.games.internal.api.zzdo
com.google.android.gms.internal.zzdkm
android.support.v4.media.MediaBrowserCompatApi21$MediaItem
androidx.core.app.ShareCompat
com.google.firebase.measurement_impl.R
com.google.android.gms.internal.zzchj
com.google.android.gms.internal.zzayg
com.google.android.gms.gcm.GcmReceiver
com.google.android.gms.nearby.messages.internal.zzbg
com.google.android.gms.internal.zzcxy
com.google.android.gms.games.snapshot.zzb
kotlin.collections.unsigned.UArraysKt___UArraysKt$withIndex$3
androidx.annotation.TransitionRes
androidx.appcompat.widget.ActivityChooserModel$HistoricalRecord
com.google.android.gms.games.snapshot.Snapshots$CommitSnapshotResult
com.google.android.gms.games.internal.api.zzw
androidx.appcompat.view.menu.ActionMenuItem:
    public androidx.appcompat.view.menu.ActionMenuItem setExclusiveCheckable(boolean)
    public boolean invoke()
    public boolean requiresActionButton()
    public boolean requiresOverflow()
    private static final int NO_ICON
    private static final int CHECKABLE
    private static final int CHECKED
    private static final int EXCLUSIVE
    private static final int HIDDEN
    private static final int ENABLED
com.google.android.gms.internal.zzbjv
androidx.media2.MediaSessionLegacyStub$12
com.google.android.gms.wallet.TransactionInfo$Builder
kotlin.io.TerminateException
com.google.android.gms.internal.zzcav
com.google.android.gms.vision.face.FaceDetector
com.google.android.gms.internal.zzbuv
androidx.media2.subtitle.SubtitleTrack$CueList$EntryIterator
com.google.android.gms.internal.zzdzy
com.google.android.gms.drive.TransferPreferences$BatteryUsage
com.google.android.gms.maps.GoogleMap$OnPolygonClickListener